<?xml version="1.0" encoding="UTF-8"?>
<!-- Generated by org.testng.reporters.JUnitXMLReporter -->
<testsuite ignored="0" hostname="Anaya" failures="0" tests="7" name="Test" time="4.6" errors="0" timestamp="2023-10-22T16:09:56 EDT">
  <testcase classname="com.naveenautomationlab.AutomationFramework.YourOrderHasBeenPlacedTest" name="@BeforeMethod setup" time="1.845">
    <failure type="io.github.bonigarcia.wdm.config.WebDriverManagerException" message="There was an error creating WebDriver object for Chrome">
      <![CDATA[io.github.bonigarcia.wdm.config.WebDriverManagerException: There was an error creating WebDriver object for Chrome
at io.github.bonigarcia.wdm.WebDriverManager.instantiateDriver(WebDriverManager.java:1760)
at io.github.bonigarcia.wdm.WebDriverManager.create(WebDriverManager.java:431)
at com.naveenautomationlabs.automationframework.base.TestBase.insilisation(TestBase.java:66)
at com.naveenautomationlab.AutomationFramework.YourOrderHasBeenPlacedTest.setup(YourOrderHasBeenPlacedTest.java:31)
at java.base/java.util.ArrayList.forEach(ArrayList.java:1511)
at io.github.bonigarcia.wdm.webdriver.WebDriverCreator.createLocalWebDriver(WebDriverCreator.java:64)
at io.github.bonigarcia.wdm.WebDriverManager.createLocalWebDriver(WebDriverManager.java:1939)
at io.github.bonigarcia.wdm.WebDriverManager.instantiateDriver(WebDriverManager.java:1749)
... 35 more
Caused by: org.openqa.selenium.SessionNotCreatedException: session not created: This version of ChromeDriver only supports Chrome version 114
Current browser version is 118.0.5993.89 with binary path C:\Program Files\Google\Chrome\Application\chrome.exe
Build info: version: '3.141.59', revision: 'e82be7d358', time: '2018-11-14T08:17:03'
System info: host: 'ANAYA', ip: '192.168.2.198', os.name: 'Windows 11', os.arch: 'amd64', os.version: '10.0', java.version: '17.0.6'
Driver info: driver.version: ChromeDriver
remote stacktrace: Backtrace:
GetHandleVerifier [0x0074A813+48355]
(No symbol) [0x006DC4B1]
(No symbol) [0x005E5358]
(No symbol) [0x006061AC]
(No symbol) [0x00601EF3]
(No symbol) [0x00600579]
(No symbol) [0x00630C55]
(No symbol) [0x0063093C]
(No symbol) [0x0062A536]
(No symbol) [0x006082DC]
(No symbol) [0x006093DD]
GetHandleVerifier [0x009AAABD+2539405]
GetHandleVerifier [0x009EA78F+2800735]
GetHandleVerifier [0x009E456C+2775612]
GetHandleVerifier [0x007D51E0+616112]
(No symbol) [0x006E5F8C]
(No symbol) [0x006E2328]
(No symbol) [0x006E240B]
(No symbol) [0x006D4FF7]
BaseThreadInitThunk [0x76787BA9+25]
RtlInitializeExceptionChain [0x7746B79B+107]
RtlClearBits [0x7746B71F+191]

at org.openqa.selenium.remote.W3CHandshakeResponse.lambda$errorHandler$0(W3CHandshakeResponse.java:62)
at org.openqa.selenium.remote.HandshakeResponse.lambda$getResponseFunction$0(HandshakeResponse.java:30)
at org.openqa.selenium.remote.ProtocolHandshake.lambda$createSession$0(ProtocolHandshake.java:126)
at java.base/java.util.stream.ReferencePipeline$3$1.accept(ReferencePipeline.java:197)
at java.base/java.util.Spliterators$ArraySpliterator.tryAdvance(Spliterators.java:1002)
at java.base/java.util.stream.ReferencePipeline.forEachWithCancel(ReferencePipeline.java:129)
at java.base/java.util.stream.AbstractPipeline.copyIntoWithCancel(AbstractPipeline.java:527)
at java.base/java.util.stream.AbstractPipeline.copyInto(AbstractPipeline.java:513)
at java.base/java.util.stream.AbstractPipeline.wrapAndCopyInto(AbstractPipeline.java:499)
at java.base/java.util.stream.FindOps$FindOp.evaluateSequential(FindOps.java:150)
at java.base/java.util.stream.AbstractPipeline.evaluate(AbstractPipeline.java:234)
at java.base/java.util.stream.ReferencePipeline.findFirst(ReferencePipeline.java:647)
at org.openqa.selenium.remote.ProtocolHandshake.createSession(ProtocolHandshake.java:128)
at org.openqa.selenium.remote.ProtocolHandshake.createSession(ProtocolHandshake.java:74)
at org.openqa.selenium.remote.HttpCommandExecutor.execute(HttpCommandExecutor.java:136)
at org.openqa.selenium.remote.service.DriverCommandExecutor.execute(DriverCommandExecutor.java:83)
at org.openqa.selenium.remote.RemoteWebDriver.execute(RemoteWebDriver.java:552)
at org.openqa.selenium.remote.RemoteWebDriver.startSession(RemoteWebDriver.java:213)
at org.openqa.selenium.remote.RemoteWebDriver.<init>(RemoteWebDriver.java:131)
at org.openqa.selenium.chrome.ChromeDriver.<init>(ChromeDriver.java:181)
at org.openqa.selenium.chrome.ChromeDriver.<init>(ChromeDriver.java:168)
at org.openqa.selenium.chrome.ChromeDriver.<init>(ChromeDriver.java:123)
... 43 more
... Removed 42 stack frames]]>
    </failure>
  </testcase> <!-- @BeforeMethod setup -->
  <testcase classname="com.naveenautomationlab.AutomationFramework.YourOrderHasBeenPlacedTest" name="@AfterMethod quit" time="-1.698005393648E9">
    <skipped/>
  </testcase> <!-- @AfterMethod quit -->
  <testcase classname="com.naveenautomationlab.AutomationFramework.MyAccountTest" name="@BeforeMethod setup" time="0.82">
    <failure type="io.github.bonigarcia.wdm.config.WebDriverManagerException" message="There was an error creating WebDriver object for Chrome">
      <![CDATA[io.github.bonigarcia.wdm.config.WebDriverManagerException: There was an error creating WebDriver object for Chrome
at io.github.bonigarcia.wdm.WebDriverManager.instantiateDriver(WebDriverManager.java:1760)
at io.github.bonigarcia.wdm.WebDriverManager.create(WebDriverManager.java:431)
at com.naveenautomationlabs.automationframework.base.TestBase.insilisation(TestBase.java:66)
at com.naveenautomationlab.AutomationFramework.MyAccountTest.setup(MyAccountTest.java:24)
at java.base/java.util.ArrayList.forEach(ArrayList.java:1511)
at io.github.bonigarcia.wdm.webdriver.WebDriverCreator.createLocalWebDriver(WebDriverCreator.java:64)
at io.github.bonigarcia.wdm.WebDriverManager.createLocalWebDriver(WebDriverManager.java:1939)
at io.github.bonigarcia.wdm.WebDriverManager.instantiateDriver(WebDriverManager.java:1749)
... 35 more
Caused by: org.openqa.selenium.SessionNotCreatedException: session not created: This version of ChromeDriver only supports Chrome version 114
Current browser version is 118.0.5993.89 with binary path C:\Program Files\Google\Chrome\Application\chrome.exe
Build info: version: '3.141.59', revision: 'e82be7d358', time: '2018-11-14T08:17:03'
System info: host: 'ANAYA', ip: '192.168.2.198', os.name: 'Windows 11', os.arch: 'amd64', os.version: '10.0', java.version: '17.0.6'
Driver info: driver.version: ChromeDriver
remote stacktrace: Backtrace:
GetHandleVerifier [0x0074A813+48355]
(No symbol) [0x006DC4B1]
(No symbol) [0x005E5358]
(No symbol) [0x006061AC]
(No symbol) [0x00601EF3]
(No symbol) [0x00600579]
(No symbol) [0x00630C55]
(No symbol) [0x0063093C]
(No symbol) [0x0062A536]
(No symbol) [0x006082DC]
(No symbol) [0x006093DD]
GetHandleVerifier [0x009AAABD+2539405]
GetHandleVerifier [0x009EA78F+2800735]
GetHandleVerifier [0x009E456C+2775612]
GetHandleVerifier [0x007D51E0+616112]
(No symbol) [0x006E5F8C]
(No symbol) [0x006E2328]
(No symbol) [0x006E240B]
(No symbol) [0x006D4FF7]
BaseThreadInitThunk [0x76787BA9+25]
RtlInitializeExceptionChain [0x7746B79B+107]
RtlClearBits [0x7746B71F+191]

at org.openqa.selenium.remote.W3CHandshakeResponse.lambda$errorHandler$0(W3CHandshakeResponse.java:62)
at org.openqa.selenium.remote.HandshakeResponse.lambda$getResponseFunction$0(HandshakeResponse.java:30)
at org.openqa.selenium.remote.ProtocolHandshake.lambda$createSession$0(ProtocolHandshake.java:126)
at java.base/java.util.stream.ReferencePipeline$3$1.accept(ReferencePipeline.java:197)
at java.base/java.util.Spliterators$ArraySpliterator.tryAdvance(Spliterators.java:1002)
at java.base/java.util.stream.ReferencePipeline.forEachWithCancel(ReferencePipeline.java:129)
at java.base/java.util.stream.AbstractPipeline.copyIntoWithCancel(AbstractPipeline.java:527)
at java.base/java.util.stream.AbstractPipeline.copyInto(AbstractPipeline.java:513)
at java.base/java.util.stream.AbstractPipeline.wrapAndCopyInto(AbstractPipeline.java:499)
at java.base/java.util.stream.FindOps$FindOp.evaluateSequential(FindOps.java:150)
at java.base/java.util.stream.AbstractPipeline.evaluate(AbstractPipeline.java:234)
at java.base/java.util.stream.ReferencePipeline.findFirst(ReferencePipeline.java:647)
at org.openqa.selenium.remote.ProtocolHandshake.createSession(ProtocolHandshake.java:128)
at org.openqa.selenium.remote.ProtocolHandshake.createSession(ProtocolHandshake.java:74)
at org.openqa.selenium.remote.HttpCommandExecutor.execute(HttpCommandExecutor.java:136)
at org.openqa.selenium.remote.service.DriverCommandExecutor.execute(DriverCommandExecutor.java:83)
at org.openqa.selenium.remote.RemoteWebDriver.execute(RemoteWebDriver.java:552)
at org.openqa.selenium.remote.RemoteWebDriver.startSession(RemoteWebDriver.java:213)
at org.openqa.selenium.remote.RemoteWebDriver.<init>(RemoteWebDriver.java:131)
at org.openqa.selenium.chrome.ChromeDriver.<init>(ChromeDriver.java:181)
at org.openqa.selenium.chrome.ChromeDriver.<init>(ChromeDriver.java:168)
at org.openqa.selenium.chrome.ChromeDriver.<init>(ChromeDriver.java:123)
... 43 more
... Removed 42 stack frames]]>
    </failure>
  </testcase> <!-- @BeforeMethod setup -->
  <testcase classname="com.naveenautomationlab.AutomationFramework.MyAccountTest" name="@AfterMethod teerDown" time="-1.698005394483E9">
    <skipped/>
  </testcase> <!-- @AfterMethod teerDown -->
  <testcase classname="com.naveenautomationlab.AutomationFramework.MyAccountTest" name="@BeforeMethod setup" time="-1.698005394484E9">
    <skipped/>
  </testcase> <!-- @BeforeMethod setup -->
  <testcase classname="com.naveenautomationlab.AutomationFramework.MyAccountTest" name="@AfterMethod teerDown" time="-1.698005394489E9">
    <skipped/>
  </testcase> <!-- @AfterMethod teerDown -->
  <testcase classname="com.naveenautomationlab.AutomationFramework.MyAccountTest" name="@BeforeMethod setup" time="-1.69800539449E9">
    <skipped/>
  </testcase> <!-- @BeforeMethod setup -->
  <testcase classname="com.naveenautomationlab.AutomationFramework.MyAccountTest" name="@AfterMethod teerDown" time="-1.698005394493E9">
    <skipped/>
  </testcase> <!-- @AfterMethod teerDown -->
  <testcase classname="com.naveenautomationlab.AutomationFramework.MyAccountTest" name="@BeforeMethod setup" time="-1.698005394493E9">
    <skipped/>
  </testcase> <!-- @BeforeMethod setup -->
  <testcase classname="com.naveenautomationlab.AutomationFramework.MyAccountTest" name="@AfterMethod teerDown" time="-1.698005394497E9">
    <skipped/>
  </testcase> <!-- @AfterMethod teerDown -->
  <testcase classname="com.naveenautomationlab.AutomationFramework.YourStoreTest" name="@BeforeMethod setup" time="0.803">
    <failure type="io.github.bonigarcia.wdm.config.WebDriverManagerException" message="There was an error creating WebDriver object for Chrome">
      <![CDATA[io.github.bonigarcia.wdm.config.WebDriverManagerException: There was an error creating WebDriver object for Chrome
at io.github.bonigarcia.wdm.WebDriverManager.instantiateDriver(WebDriverManager.java:1760)
at io.github.bonigarcia.wdm.WebDriverManager.create(WebDriverManager.java:431)
at com.naveenautomationlabs.automationframework.base.TestBase.insilisation(TestBase.java:66)
at com.naveenautomationlab.AutomationFramework.YourStoreTest.setup(YourStoreTest.java:20)
at java.base/java.util.ArrayList.forEach(ArrayList.java:1511)
at io.github.bonigarcia.wdm.webdriver.WebDriverCreator.createLocalWebDriver(WebDriverCreator.java:64)
at io.github.bonigarcia.wdm.WebDriverManager.createLocalWebDriver(WebDriverManager.java:1939)
at io.github.bonigarcia.wdm.WebDriverManager.instantiateDriver(WebDriverManager.java:1749)
... 35 more
Caused by: org.openqa.selenium.SessionNotCreatedException: session not created: This version of ChromeDriver only supports Chrome version 114
Current browser version is 118.0.5993.89 with binary path C:\Program Files\Google\Chrome\Application\chrome.exe
Build info: version: '3.141.59', revision: 'e82be7d358', time: '2018-11-14T08:17:03'
System info: host: 'ANAYA', ip: '192.168.2.198', os.name: 'Windows 11', os.arch: 'amd64', os.version: '10.0', java.version: '17.0.6'
Driver info: driver.version: ChromeDriver
remote stacktrace: Backtrace:
GetHandleVerifier [0x0074A813+48355]
(No symbol) [0x006DC4B1]
(No symbol) [0x005E5358]
(No symbol) [0x006061AC]
(No symbol) [0x00601EF3]
(No symbol) [0x00600579]
(No symbol) [0x00630C55]
(No symbol) [0x0063093C]
(No symbol) [0x0062A536]
(No symbol) [0x006082DC]
(No symbol) [0x006093DD]
GetHandleVerifier [0x009AAABD+2539405]
GetHandleVerifier [0x009EA78F+2800735]
GetHandleVerifier [0x009E456C+2775612]
GetHandleVerifier [0x007D51E0+616112]
(No symbol) [0x006E5F8C]
(No symbol) [0x006E2328]
(No symbol) [0x006E240B]
(No symbol) [0x006D4FF7]
BaseThreadInitThunk [0x76787BA9+25]
RtlInitializeExceptionChain [0x7746B79B+107]
RtlClearBits [0x7746B71F+191]

at org.openqa.selenium.remote.W3CHandshakeResponse.lambda$errorHandler$0(W3CHandshakeResponse.java:62)
at org.openqa.selenium.remote.HandshakeResponse.lambda$getResponseFunction$0(HandshakeResponse.java:30)
at org.openqa.selenium.remote.ProtocolHandshake.lambda$createSession$0(ProtocolHandshake.java:126)
at java.base/java.util.stream.ReferencePipeline$3$1.accept(ReferencePipeline.java:197)
at java.base/java.util.Spliterators$ArraySpliterator.tryAdvance(Spliterators.java:1002)
at java.base/java.util.stream.ReferencePipeline.forEachWithCancel(ReferencePipeline.java:129)
at java.base/java.util.stream.AbstractPipeline.copyIntoWithCancel(AbstractPipeline.java:527)
at java.base/java.util.stream.AbstractPipeline.copyInto(AbstractPipeline.java:513)
at java.base/java.util.stream.AbstractPipeline.wrapAndCopyInto(AbstractPipeline.java:499)
at java.base/java.util.stream.FindOps$FindOp.evaluateSequential(FindOps.java:150)
at java.base/java.util.stream.AbstractPipeline.evaluate(AbstractPipeline.java:234)
at java.base/java.util.stream.ReferencePipeline.findFirst(ReferencePipeline.java:647)
at org.openqa.selenium.remote.ProtocolHandshake.createSession(ProtocolHandshake.java:128)
at org.openqa.selenium.remote.ProtocolHandshake.createSession(ProtocolHandshake.java:74)
at org.openqa.selenium.remote.HttpCommandExecutor.execute(HttpCommandExecutor.java:136)
at org.openqa.selenium.remote.service.DriverCommandExecutor.execute(DriverCommandExecutor.java:83)
at org.openqa.selenium.remote.RemoteWebDriver.execute(RemoteWebDriver.java:552)
at org.openqa.selenium.remote.RemoteWebDriver.startSession(RemoteWebDriver.java:213)
at org.openqa.selenium.remote.RemoteWebDriver.<init>(RemoteWebDriver.java:131)
at org.openqa.selenium.chrome.ChromeDriver.<init>(ChromeDriver.java:181)
at org.openqa.selenium.chrome.ChromeDriver.<init>(ChromeDriver.java:168)
at org.openqa.selenium.chrome.ChromeDriver.<init>(ChromeDriver.java:123)
... 43 more
... Removed 42 stack frames]]>
    </failure>
  </testcase> <!-- @BeforeMethod setup -->
  <testcase classname="com.naveenautomationlab.AutomationFramework.YourStoreTest" name="@AfterMethod teerDown" time="-1.698005395309E9">
    <skipped/>
  </testcase> <!-- @AfterMethod teerDown -->
  <testcase classname="com.naveenautomationlab.AutomationFramework.MyWishListTest" name="@BeforeMethod setUp" time="0.744">
    <failure type="io.github.bonigarcia.wdm.config.WebDriverManagerException" message="There was an error creating WebDriver object for Chrome">
      <![CDATA[io.github.bonigarcia.wdm.config.WebDriverManagerException: There was an error creating WebDriver object for Chrome
at io.github.bonigarcia.wdm.WebDriverManager.instantiateDriver(WebDriverManager.java:1760)
at io.github.bonigarcia.wdm.WebDriverManager.create(WebDriverManager.java:431)
at com.naveenautomationlabs.automationframework.base.TestBase.insilisation(TestBase.java:66)
at com.naveenautomationlab.AutomationFramework.MyWishListTest.setUp(MyWishListTest.java:26)
at java.base/java.util.ArrayList.forEach(ArrayList.java:1511)
at io.github.bonigarcia.wdm.webdriver.WebDriverCreator.createLocalWebDriver(WebDriverCreator.java:64)
at io.github.bonigarcia.wdm.WebDriverManager.createLocalWebDriver(WebDriverManager.java:1939)
at io.github.bonigarcia.wdm.WebDriverManager.instantiateDriver(WebDriverManager.java:1749)
... 35 more
Caused by: org.openqa.selenium.SessionNotCreatedException: session not created: This version of ChromeDriver only supports Chrome version 114
Current browser version is 118.0.5993.89 with binary path C:\Program Files\Google\Chrome\Application\chrome.exe
Build info: version: '3.141.59', revision: 'e82be7d358', time: '2018-11-14T08:17:03'
System info: host: 'ANAYA', ip: '192.168.2.198', os.name: 'Windows 11', os.arch: 'amd64', os.version: '10.0', java.version: '17.0.6'
Driver info: driver.version: ChromeDriver
remote stacktrace: Backtrace:
GetHandleVerifier [0x0074A813+48355]
(No symbol) [0x006DC4B1]
(No symbol) [0x005E5358]
(No symbol) [0x006061AC]
(No symbol) [0x00601EF3]
(No symbol) [0x00600579]
(No symbol) [0x00630C55]
(No symbol) [0x0063093C]
(No symbol) [0x0062A536]
(No symbol) [0x006082DC]
(No symbol) [0x006093DD]
GetHandleVerifier [0x009AAABD+2539405]
GetHandleVerifier [0x009EA78F+2800735]
GetHandleVerifier [0x009E456C+2775612]
GetHandleVerifier [0x007D51E0+616112]
(No symbol) [0x006E5F8C]
(No symbol) [0x006E2328]
(No symbol) [0x006E240B]
(No symbol) [0x006D4FF7]
BaseThreadInitThunk [0x76787BA9+25]
RtlInitializeExceptionChain [0x7746B79B+107]
RtlClearBits [0x7746B71F+191]

at org.openqa.selenium.remote.W3CHandshakeResponse.lambda$errorHandler$0(W3CHandshakeResponse.java:62)
at org.openqa.selenium.remote.HandshakeResponse.lambda$getResponseFunction$0(HandshakeResponse.java:30)
at org.openqa.selenium.remote.ProtocolHandshake.lambda$createSession$0(ProtocolHandshake.java:126)
at java.base/java.util.stream.ReferencePipeline$3$1.accept(ReferencePipeline.java:197)
at java.base/java.util.Spliterators$ArraySpliterator.tryAdvance(Spliterators.java:1002)
at java.base/java.util.stream.ReferencePipeline.forEachWithCancel(ReferencePipeline.java:129)
at java.base/java.util.stream.AbstractPipeline.copyIntoWithCancel(AbstractPipeline.java:527)
at java.base/java.util.stream.AbstractPipeline.copyInto(AbstractPipeline.java:513)
at java.base/java.util.stream.AbstractPipeline.wrapAndCopyInto(AbstractPipeline.java:499)
at java.base/java.util.stream.FindOps$FindOp.evaluateSequential(FindOps.java:150)
at java.base/java.util.stream.AbstractPipeline.evaluate(AbstractPipeline.java:234)
at java.base/java.util.stream.ReferencePipeline.findFirst(ReferencePipeline.java:647)
at org.openqa.selenium.remote.ProtocolHandshake.createSession(ProtocolHandshake.java:128)
at org.openqa.selenium.remote.ProtocolHandshake.createSession(ProtocolHandshake.java:74)
at org.openqa.selenium.remote.HttpCommandExecutor.execute(HttpCommandExecutor.java:136)
at org.openqa.selenium.remote.service.DriverCommandExecutor.execute(DriverCommandExecutor.java:83)
at org.openqa.selenium.remote.RemoteWebDriver.execute(RemoteWebDriver.java:552)
at org.openqa.selenium.remote.RemoteWebDriver.startSession(RemoteWebDriver.java:213)
at org.openqa.selenium.remote.RemoteWebDriver.<init>(RemoteWebDriver.java:131)
at org.openqa.selenium.chrome.ChromeDriver.<init>(ChromeDriver.java:181)
at org.openqa.selenium.chrome.ChromeDriver.<init>(ChromeDriver.java:168)
at org.openqa.selenium.chrome.ChromeDriver.<init>(ChromeDriver.java:123)
... 43 more
... Removed 42 stack frames]]>
    </failure>
  </testcase> <!-- @BeforeMethod setUp -->
  <testcase classname="com.naveenautomationlab.AutomationFramework.MyWishListTest" name="@AfterMethod teerDown" time="-1.698005396059E9">
    <skipped/>
  </testcase> <!-- @AfterMethod teerDown -->
  <testcase classname="com.naveenautomationlab.AutomationFramework.YourOrderHasBeenPlacedTest" name="validateCustomerOrderprocess" time="0.0">
    <skipped/>
  </testcase> <!-- validateCustomerOrderprocess -->
  <testcase classname="com.naveenautomationlab.AutomationFramework.MyAccountTest" name="test1" time="0.0">
    <skipped/>
  </testcase> <!-- test1 -->
  <testcase classname="com.naveenautomationlab.AutomationFramework.MyAccountTest" name="test2" time="0.0">
    <skipped/>
  </testcase> <!-- test2 -->
  <testcase classname="com.naveenautomationlab.AutomationFramework.MyAccountTest" name="validateChangePassword" time="0.0">
    <skipped/>
  </testcase> <!-- validateChangePassword -->
  <testcase classname="com.naveenautomationlab.AutomationFramework.MyAccountTest" name="validateLogin" time="0.0">
    <skipped/>
  </testcase> <!-- validateLogin -->
  <testcase classname="com.naveenautomationlab.AutomationFramework.YourStoreTest" name="validateImageSlideShow" time="0.0">
    <skipped/>
  </testcase> <!-- validateImageSlideShow -->
  <testcase classname="com.naveenautomationlab.AutomationFramework.MyWishListTest" name="validateProductStock" time="0.0">
    <skipped/>
  </testcase> <!-- validateProductStock -->
</testsuite> <!-- Test -->
