<?xml version="1.0" encoding="UTF-8"?>
<testng-results retried="1" ignored="0" total="8" passed="6" failed="1" skipped="0">
  <reporter-output>
  </reporter-output>
  <suite started-at="2023-07-16T07:55:58 EDT" name="Suite" finished-at="2023-07-16T07:57:18 EDT" duration-ms="79707">
    <groups>
    </groups>
    <test started-at="2023-07-16T07:55:58 EDT" name="Test" finished-at="2023-07-16T07:57:18 EDT" duration-ms="79707">
      <class name="com.naveenautomationlab.AutomationFramework.YourOrderHasBeenPlacedTest">
        <test-method is-config="true" signature="setUpLogger()[pri:0, instance:com.naveenautomationlab.AutomationFramework.YourOrderHasBeenPlacedTest@1af2d44a]" started-at="2023-07-16T07:55:59 EDT" name="setUpLogger" finished-at="2023-07-16T07:55:59 EDT" duration-ms="44" status="PASS">
          <reporter-output>
          </reporter-output>
        </test-method> <!-- setUpLogger -->
        <test-method is-config="true" signature="setup()[pri:0, instance:com.naveenautomationlab.AutomationFramework.YourOrderHasBeenPlacedTest@1af2d44a]" started-at="2023-07-16T07:55:59 EDT" name="setup" finished-at="2023-07-16T07:56:04 EDT" duration-ms="5060" status="PASS">
          <reporter-output>
          </reporter-output>
        </test-method> <!-- setup -->
        <test-method retried="true" signature="validateCustomerOrderprocess()[pri:0, instance:com.naveenautomationlab.AutomationFramework.YourOrderHasBeenPlacedTest@1af2d44a]" started-at="2023-07-16T07:56:04 EDT" name="validateCustomerOrderprocess" finished-at="2023-07-16T07:56:22 EDT" duration-ms="18697" status="SKIP">
          <exception class="org.openqa.selenium.TimeoutException">
            <message>
              <![CDATA[Expected condition failed: waiting for alert to be present (tried for 10 second(s) with 500 milliseconds interval)
Build info: version: '3.141.59', revision: 'e82be7d358', time: '2018-11-14T08:17:03'
System info: host: 'ANAYA', ip: '192.168.2.198', os.name: 'Windows 11', os.arch: 'amd64', os.version: '10.0', java.version: '17.0.6'
Driver info: org.openqa.selenium.support.events.EventFiringWebDriver
Capabilities {acceptInsecureCerts: false, browserName: chrome, browserVersion: 114.0.5735.199, chrome: {chromedriverVersion: 114.0.5735.90 (386bc09e8f4f..., userDataDir: C:\Users\16477\AppData\Loca...}, goog:chromeOptions: {debuggerAddress: localhost:54223}, javascriptEnabled: true, networkConnectionEnabled: false, pageLoadStrategy: normal, platform: WINDOWS, platformName: WINDOWS, proxy: Proxy(), setWindowRect: true, strictFileInteractability: false, timeouts: {implicit: 0, pageLoad: 300000, script: 30000}, unhandledPromptBehavior: dismiss and notify, webauthn:extension:credBlob: true, webauthn:extension:largeBlob: true, webauthn:extension:minPinLength: true, webauthn:extension:prf: true, webauthn:virtualAuthenticators: true}
Session ID: f62bc1b0a2d106c0d44b349d5b506aa7]]>
            </message>
            <full-stacktrace>
              <![CDATA[org.openqa.selenium.TimeoutException: Expected condition failed: waiting for alert to be present (tried for 10 second(s) with 500 milliseconds interval)
Build info: version: '3.141.59', revision: 'e82be7d358', time: '2018-11-14T08:17:03'
System info: host: 'ANAYA', ip: '192.168.2.198', os.name: 'Windows 11', os.arch: 'amd64', os.version: '10.0', java.version: '17.0.6'
Driver info: org.openqa.selenium.support.events.EventFiringWebDriver
Capabilities {acceptInsecureCerts: false, browserName: chrome, browserVersion: 114.0.5735.199, chrome: {chromedriverVersion: 114.0.5735.90 (386bc09e8f4f..., userDataDir: C:\Users\16477\AppData\Loca...}, goog:chromeOptions: {debuggerAddress: localhost:54223}, javascriptEnabled: true, networkConnectionEnabled: false, pageLoadStrategy: normal, platform: WINDOWS, platformName: WINDOWS, proxy: Proxy(), setWindowRect: true, strictFileInteractability: false, timeouts: {implicit: 0, pageLoad: 300000, script: 30000}, unhandledPromptBehavior: dismiss and notify, webauthn:extension:credBlob: true, webauthn:extension:largeBlob: true, webauthn:extension:minPinLength: true, webauthn:extension:prf: true, webauthn:virtualAuthenticators: true}
Session ID: f62bc1b0a2d106c0d44b349d5b506aa7
at org.openqa.selenium.support.ui.WebDriverWait.timeoutException(WebDriverWait.java:95)
at org.openqa.selenium.support.ui.FluentWait.until(FluentWait.java:272)
at com.naveenautomationlab.AutomationFramework.YourOrderHasBeenPlacedTest.validateCustomerOrderprocess(YourOrderHasBeenPlacedTest.java:48)
at java.base/jdk.internal.reflect.NativeMethodAccessorImpl.invoke0(Native Method)
at java.base/jdk.internal.reflect.NativeMethodAccessorImpl.invoke(NativeMethodAccessorImpl.java:77)
at java.base/jdk.internal.reflect.DelegatingMethodAccessorImpl.invoke(DelegatingMethodAccessorImpl.java:43)
at java.base/java.lang.reflect.Method.invoke(Method.java:568)
at org.testng.internal.MethodInvocationHelper.invokeMethod(MethodInvocationHelper.java:133)
at org.testng.internal.TestInvoker.invokeMethod(TestInvoker.java:598)
at org.testng.internal.TestInvoker.invokeTestMethod(TestInvoker.java:173)
at org.testng.internal.MethodRunner.runInSequence(MethodRunner.java:46)
at org.testng.internal.TestInvoker$MethodInvocationAgent.invoke(TestInvoker.java:824)
at org.testng.internal.TestInvoker.invokeTestMethods(TestInvoker.java:146)
at org.testng.internal.TestMethodWorker.invokeTestMethods(TestMethodWorker.java:146)
at org.testng.internal.TestMethodWorker.run(TestMethodWorker.java:128)
at java.base/java.util.ArrayList.forEach(ArrayList.java:1511)
at org.testng.TestRunner.privateRun(TestRunner.java:794)
at org.testng.TestRunner.run(TestRunner.java:596)
at org.testng.SuiteRunner.runTest(SuiteRunner.java:377)
at org.testng.SuiteRunner.runSequentially(SuiteRunner.java:371)
at org.testng.SuiteRunner.privateRun(SuiteRunner.java:332)
at org.testng.SuiteRunner.run(SuiteRunner.java:276)
at org.testng.SuiteRunnerWorker.runSuite(SuiteRunnerWorker.java:53)
at org.testng.SuiteRunnerWorker.run(SuiteRunnerWorker.java:96)
at org.testng.TestNG.runSuitesSequentially(TestNG.java:1212)
at org.testng.TestNG.runSuitesLocally(TestNG.java:1134)
at org.testng.TestNG.runSuites(TestNG.java:1063)
at org.testng.TestNG.run(TestNG.java:1031)
at org.testng.remote.AbstractRemoteTestNG.run(AbstractRemoteTestNG.java:115)
at org.testng.remote.RemoteTestNG.initAndRun(RemoteTestNG.java:251)
at org.testng.remote.RemoteTestNG.main(RemoteTestNG.java:77)
]]>
            </full-stacktrace>
          </exception> <!-- org.openqa.selenium.TimeoutException -->
          <reporter-output>
          </reporter-output>
        </test-method> <!-- validateCustomerOrderprocess -->
        <test-method is-config="true" signature="quit()[pri:0, instance:com.naveenautomationlab.AutomationFramework.YourOrderHasBeenPlacedTest@1af2d44a]" started-at="2023-07-16T07:56:22 EDT" name="quit" finished-at="2023-07-16T07:56:23 EDT" duration-ms="233" status="PASS">
          <reporter-output>
          </reporter-output>
        </test-method> <!-- quit -->
        <test-method is-config="true" signature="setup()[pri:0, instance:com.naveenautomationlab.AutomationFramework.YourOrderHasBeenPlacedTest@1af2d44a]" started-at="2023-07-16T07:56:23 EDT" name="setup" finished-at="2023-07-16T07:56:27 EDT" duration-ms="3865" status="PASS">
          <reporter-output>
          </reporter-output>
        </test-method> <!-- setup -->
        <test-method signature="validateCustomerOrderprocess()[pri:0, instance:com.naveenautomationlab.AutomationFramework.YourOrderHasBeenPlacedTest@1af2d44a]" started-at="2023-07-16T07:56:27 EDT" name="validateCustomerOrderprocess" finished-at="2023-07-16T07:56:45 EDT" duration-ms="18455" status="FAIL">
          <exception class="org.openqa.selenium.TimeoutException">
            <message>
              <![CDATA[Expected condition failed: waiting for alert to be present (tried for 10 second(s) with 500 milliseconds interval)
Build info: version: '3.141.59', revision: 'e82be7d358', time: '2018-11-14T08:17:03'
System info: host: 'ANAYA', ip: '192.168.2.198', os.name: 'Windows 11', os.arch: 'amd64', os.version: '10.0', java.version: '17.0.6'
Driver info: org.openqa.selenium.support.events.EventFiringWebDriver
Capabilities {acceptInsecureCerts: false, browserName: chrome, browserVersion: 114.0.5735.199, chrome: {chromedriverVersion: 114.0.5735.90 (386bc09e8f4f..., userDataDir: C:\Users\16477\AppData\Loca...}, goog:chromeOptions: {debuggerAddress: localhost:54247}, javascriptEnabled: true, networkConnectionEnabled: false, pageLoadStrategy: normal, platform: WINDOWS, platformName: WINDOWS, proxy: Proxy(), setWindowRect: true, strictFileInteractability: false, timeouts: {implicit: 0, pageLoad: 300000, script: 30000}, unhandledPromptBehavior: dismiss and notify, webauthn:extension:credBlob: true, webauthn:extension:largeBlob: true, webauthn:extension:minPinLength: true, webauthn:extension:prf: true, webauthn:virtualAuthenticators: true}
Session ID: f8042fa4ebd7df46c9094cd0f1722ef2]]>
            </message>
            <full-stacktrace>
              <![CDATA[org.openqa.selenium.TimeoutException: Expected condition failed: waiting for alert to be present (tried for 10 second(s) with 500 milliseconds interval)
Build info: version: '3.141.59', revision: 'e82be7d358', time: '2018-11-14T08:17:03'
System info: host: 'ANAYA', ip: '192.168.2.198', os.name: 'Windows 11', os.arch: 'amd64', os.version: '10.0', java.version: '17.0.6'
Driver info: org.openqa.selenium.support.events.EventFiringWebDriver
Capabilities {acceptInsecureCerts: false, browserName: chrome, browserVersion: 114.0.5735.199, chrome: {chromedriverVersion: 114.0.5735.90 (386bc09e8f4f..., userDataDir: C:\Users\16477\AppData\Loca...}, goog:chromeOptions: {debuggerAddress: localhost:54247}, javascriptEnabled: true, networkConnectionEnabled: false, pageLoadStrategy: normal, platform: WINDOWS, platformName: WINDOWS, proxy: Proxy(), setWindowRect: true, strictFileInteractability: false, timeouts: {implicit: 0, pageLoad: 300000, script: 30000}, unhandledPromptBehavior: dismiss and notify, webauthn:extension:credBlob: true, webauthn:extension:largeBlob: true, webauthn:extension:minPinLength: true, webauthn:extension:prf: true, webauthn:virtualAuthenticators: true}
Session ID: f8042fa4ebd7df46c9094cd0f1722ef2
at org.openqa.selenium.support.ui.WebDriverWait.timeoutException(WebDriverWait.java:95)
at org.openqa.selenium.support.ui.FluentWait.until(FluentWait.java:272)
at com.naveenautomationlab.AutomationFramework.YourOrderHasBeenPlacedTest.validateCustomerOrderprocess(YourOrderHasBeenPlacedTest.java:48)
at java.base/jdk.internal.reflect.NativeMethodAccessorImpl.invoke0(Native Method)
at java.base/jdk.internal.reflect.NativeMethodAccessorImpl.invoke(NativeMethodAccessorImpl.java:77)
at java.base/jdk.internal.reflect.DelegatingMethodAccessorImpl.invoke(DelegatingMethodAccessorImpl.java:43)
at java.base/java.lang.reflect.Method.invoke(Method.java:568)
at org.testng.internal.MethodInvocationHelper.invokeMethod(MethodInvocationHelper.java:133)
at org.testng.internal.TestInvoker.invokeMethod(TestInvoker.java:598)
at org.testng.internal.TestInvoker.retryFailed(TestInvoker.java:213)
at org.testng.internal.MethodRunner.runInSequence(MethodRunner.java:58)
at org.testng.internal.TestInvoker$MethodInvocationAgent.invoke(TestInvoker.java:824)
at org.testng.internal.TestInvoker.invokeTestMethods(TestInvoker.java:146)
at org.testng.internal.TestMethodWorker.invokeTestMethods(TestMethodWorker.java:146)
at org.testng.internal.TestMethodWorker.run(TestMethodWorker.java:128)
at java.base/java.util.ArrayList.forEach(ArrayList.java:1511)
at org.testng.TestRunner.privateRun(TestRunner.java:794)
at org.testng.TestRunner.run(TestRunner.java:596)
at org.testng.SuiteRunner.runTest(SuiteRunner.java:377)
at org.testng.SuiteRunner.runSequentially(SuiteRunner.java:371)
at org.testng.SuiteRunner.privateRun(SuiteRunner.java:332)
at org.testng.SuiteRunner.run(SuiteRunner.java:276)
at org.testng.SuiteRunnerWorker.runSuite(SuiteRunnerWorker.java:53)
at org.testng.SuiteRunnerWorker.run(SuiteRunnerWorker.java:96)
at org.testng.TestNG.runSuitesSequentially(TestNG.java:1212)
at org.testng.TestNG.runSuitesLocally(TestNG.java:1134)
at org.testng.TestNG.runSuites(TestNG.java:1063)
at org.testng.TestNG.run(TestNG.java:1031)
at org.testng.remote.AbstractRemoteTestNG.run(AbstractRemoteTestNG.java:115)
at org.testng.remote.RemoteTestNG.initAndRun(RemoteTestNG.java:251)
at org.testng.remote.RemoteTestNG.main(RemoteTestNG.java:77)
]]>
            </full-stacktrace>
          </exception> <!-- org.openqa.selenium.TimeoutException -->
          <reporter-output>
          </reporter-output>
        </test-method> <!-- validateCustomerOrderprocess -->
        <test-method is-config="true" signature="quit()[pri:0, instance:com.naveenautomationlab.AutomationFramework.YourOrderHasBeenPlacedTest@1af2d44a]" started-at="2023-07-16T07:56:45 EDT" name="quit" finished-at="2023-07-16T07:56:45 EDT" duration-ms="202" status="PASS">
          <reporter-output>
          </reporter-output>
        </test-method> <!-- quit -->
      </class> <!-- com.naveenautomationlab.AutomationFramework.YourOrderHasBeenPlacedTest -->
      <class name="com.naveenautomationlab.AutomationFramework.MyWishListTest">
        <test-method is-config="true" signature="setUpLogger()[pri:0, instance:com.naveenautomationlab.AutomationFramework.MyWishListTest@7bd4937b]" started-at="2023-07-16T07:57:11 EDT" name="setUpLogger" finished-at="2023-07-16T07:57:11 EDT" duration-ms="3" status="PASS">
          <reporter-output>
          </reporter-output>
        </test-method> <!-- setUpLogger -->
        <test-method is-config="true" signature="setUp()[pri:0, instance:com.naveenautomationlab.AutomationFramework.MyWishListTest@7bd4937b]" started-at="2023-07-16T07:57:11 EDT" name="setUp" finished-at="2023-07-16T07:57:17 EDT" duration-ms="6301" status="PASS">
          <reporter-output>
          </reporter-output>
        </test-method> <!-- setUp -->
        <test-method signature="validateProductStock()[pri:0, instance:com.naveenautomationlab.AutomationFramework.MyWishListTest@7bd4937b]" started-at="2023-07-16T07:57:17 EDT" name="validateProductStock" finished-at="2023-07-16T07:57:18 EDT" duration-ms="306" status="PASS">
          <reporter-output>
          </reporter-output>
        </test-method> <!-- validateProductStock -->
        <test-method is-config="true" signature="teerDown()[pri:0, instance:com.naveenautomationlab.AutomationFramework.MyWishListTest@7bd4937b]" started-at="2023-07-16T07:57:18 EDT" name="teerDown" finished-at="2023-07-16T07:57:18 EDT" duration-ms="197" status="PASS">
          <reporter-output>
          </reporter-output>
        </test-method> <!-- teerDown -->
      </class> <!-- com.naveenautomationlab.AutomationFramework.MyWishListTest -->
      <class name="com.naveenautomationlab.AutomationFramework.MyAccountTest">
        <test-method is-config="true" signature="setUpLogger()[pri:0, instance:com.naveenautomationlab.AutomationFramework.MyAccountTest@7c24b813]" started-at="2023-07-16T07:56:45 EDT" name="setUpLogger" finished-at="2023-07-16T07:56:45 EDT" duration-ms="2" status="PASS">
          <reporter-output>
          </reporter-output>
        </test-method> <!-- setUpLogger -->
        <test-method is-config="true" signature="setup()[pri:0, instance:com.naveenautomationlab.AutomationFramework.MyAccountTest@7c24b813]" started-at="2023-07-16T07:56:45 EDT" name="setup" finished-at="2023-07-16T07:56:49 EDT" duration-ms="3810" status="PASS">
          <reporter-output>
          </reporter-output>
        </test-method> <!-- setup -->
        <test-method signature="test1()[pri:0, instance:com.naveenautomationlab.AutomationFramework.MyAccountTest@7c24b813]" started-at="2023-07-16T07:56:49 EDT" name="test1" finished-at="2023-07-16T07:56:49 EDT" duration-ms="5" status="PASS">
          <reporter-output>
          </reporter-output>
        </test-method> <!-- test1 -->
        <test-method is-config="true" signature="teerDown()[pri:0, instance:com.naveenautomationlab.AutomationFramework.MyAccountTest@7c24b813]" started-at="2023-07-16T07:56:49 EDT" name="teerDown" finished-at="2023-07-16T07:56:49 EDT" duration-ms="174" status="PASS">
          <reporter-output>
          </reporter-output>
        </test-method> <!-- teerDown -->
        <test-method is-config="true" signature="setup()[pri:0, instance:com.naveenautomationlab.AutomationFramework.MyAccountTest@7c24b813]" started-at="2023-07-16T07:56:49 EDT" name="setup" finished-at="2023-07-16T07:56:53 EDT" duration-ms="3799" status="PASS">
          <reporter-output>
          </reporter-output>
        </test-method> <!-- setup -->
        <test-method signature="test2()[pri:0, instance:com.naveenautomationlab.AutomationFramework.MyAccountTest@7c24b813]" started-at="2023-07-16T07:56:53 EDT" name="test2" finished-at="2023-07-16T07:56:53 EDT" duration-ms="2" status="PASS">
          <reporter-output>
          </reporter-output>
        </test-method> <!-- test2 -->
        <test-method is-config="true" signature="teerDown()[pri:0, instance:com.naveenautomationlab.AutomationFramework.MyAccountTest@7c24b813]" started-at="2023-07-16T07:56:53 EDT" name="teerDown" finished-at="2023-07-16T07:56:53 EDT" duration-ms="178" status="PASS">
          <reporter-output>
          </reporter-output>
        </test-method> <!-- teerDown -->
        <test-method is-config="true" signature="setup()[pri:0, instance:com.naveenautomationlab.AutomationFramework.MyAccountTest@7c24b813]" started-at="2023-07-16T07:56:53 EDT" name="setup" finished-at="2023-07-16T07:56:57 EDT" duration-ms="3834" status="PASS">
          <reporter-output>
          </reporter-output>
        </test-method> <!-- setup -->
        <test-method signature="validateChangePassword()[pri:0, instance:com.naveenautomationlab.AutomationFramework.MyAccountTest@7c24b813]" started-at="2023-07-16T07:56:57 EDT" name="validateChangePassword" finished-at="2023-07-16T07:57:01 EDT" duration-ms="3280" status="PASS">
          <reporter-output>
          </reporter-output>
        </test-method> <!-- validateChangePassword -->
        <test-method is-config="true" signature="teerDown()[pri:0, instance:com.naveenautomationlab.AutomationFramework.MyAccountTest@7c24b813]" started-at="2023-07-16T07:57:01 EDT" name="teerDown" finished-at="2023-07-16T07:57:01 EDT" duration-ms="195" status="PASS">
          <reporter-output>
          </reporter-output>
        </test-method> <!-- teerDown -->
        <test-method is-config="true" signature="setup()[pri:0, instance:com.naveenautomationlab.AutomationFramework.MyAccountTest@7c24b813]" started-at="2023-07-16T07:57:01 EDT" name="setup" finished-at="2023-07-16T07:57:05 EDT" duration-ms="3872" status="PASS">
          <reporter-output>
          </reporter-output>
        </test-method> <!-- setup -->
        <test-method signature="validateLogin()[pri:0, instance:com.naveenautomationlab.AutomationFramework.MyAccountTest@7c24b813]" started-at="2023-07-16T07:57:05 EDT" name="validateLogin" finished-at="2023-07-16T07:57:06 EDT" duration-ms="1823" status="PASS">
          <reporter-output>
          </reporter-output>
        </test-method> <!-- validateLogin -->
        <test-method is-config="true" signature="teerDown()[pri:0, instance:com.naveenautomationlab.AutomationFramework.MyAccountTest@7c24b813]" started-at="2023-07-16T07:57:06 EDT" name="teerDown" finished-at="2023-07-16T07:57:07 EDT" duration-ms="172" status="PASS">
          <reporter-output>
          </reporter-output>
        </test-method> <!-- teerDown -->
      </class> <!-- com.naveenautomationlab.AutomationFramework.MyAccountTest -->
      <class name="com.naveenautomationlab.AutomationFramework.YourStoreTest">
        <test-method is-config="true" signature="setUpLogger()[pri:0, instance:com.naveenautomationlab.AutomationFramework.YourStoreTest@2c35e847]" started-at="2023-07-16T07:57:07 EDT" name="setUpLogger" finished-at="2023-07-16T07:57:07 EDT" duration-ms="3" status="PASS">
          <reporter-output>
          </reporter-output>
        </test-method> <!-- setUpLogger -->
        <test-method is-config="true" signature="setup()[pri:0, instance:com.naveenautomationlab.AutomationFramework.YourStoreTest@2c35e847]" started-at="2023-07-16T07:57:07 EDT" name="setup" finished-at="2023-07-16T07:57:11 EDT" duration-ms="4295" status="PASS">
          <reporter-output>
          </reporter-output>
        </test-method> <!-- setup -->
        <test-method signature="validateImageSlideShow()[pri:0, instance:com.naveenautomationlab.AutomationFramework.YourStoreTest@2c35e847]" started-at="2023-07-16T07:57:11 EDT" name="validateImageSlideShow" finished-at="2023-07-16T07:57:11 EDT" duration-ms="80" status="PASS">
          <reporter-output>
          </reporter-output>
        </test-method> <!-- validateImageSlideShow -->
        <test-method is-config="true" signature="teerDown()[pri:0, instance:com.naveenautomationlab.AutomationFramework.YourStoreTest@2c35e847]" started-at="2023-07-16T07:57:11 EDT" name="teerDown" finished-at="2023-07-16T07:57:11 EDT" duration-ms="213" status="PASS">
          <reporter-output>
          </reporter-output>
        </test-method> <!-- teerDown -->
      </class> <!-- com.naveenautomationlab.AutomationFramework.YourStoreTest -->
    </test> <!-- Test -->
  </suite> <!-- Suite -->
</testng-results>
